<?xml version="1.0" encoding="UTF-8"?>
<TestRun id="c79ffeac-ac5a-4883-abf4-56f6fd61af6c" name="Administrator@ODIN 2011-10-03 02:05:26" runUser="ODIN\Administrator" xmlns="http://microsoft.com/schemas/VisualStudio/TeamTest/2010">
  <TestSettings name="Local" id="d72f0989-4de8-4c9f-a65d-36824bfe8de3">
    <Description>These are default test settings for a local test run.</Description>
    <Deployment enabled="false" runDeploymentRoot="Administrator_ODIN 2011-10-03 02_05_26">
      <DeploymentItem filename="C:\SepiaGroup\Neo4j\Neo4jRestNet\bin\Debug\Neo4Net.dll" />
    </Deployment>
    <Execution>
      <TestTypeSpecific />
      <AgentRule name="Execution Agents">
      </AgentRule>
    </Execution>
  </TestSettings>
  <Times creation="2011-10-03T02:05:26.8651985-04:00" queuing="2011-10-03T02:05:27.8512971-04:00" start="2011-10-03T02:05:27.9403060-04:00" finish="2011-10-03T02:05:46.2851403-04:00" />
  <ResultSummary outcome="Completed">
    <Counters total="2" executed="2" passed="2" error="0" failed="0" timeout="0" aborted="0" inconclusive="0" passedButRunAborted="0" notRunnable="0" notExecuted="0" disconnected="0" warning="0" completed="0" inProgress="0" pending="0" />
  </ResultSummary>
  <TestDefinitions>
    <UnitTest name="NewGEIDFromLong" storage="c:\sepiagroup\neo4j\neo4jrestnet\neo4jrestnet.test\bin\debug\neo4jrestnet.test.dll" id="4026935a-c677-921c-4b27-cb5d5dcf5f59">
      <Execution id="57ef3756-3a7e-4d76-a9e6-ee3af80b0739" />
      <TestMethod codeBase="C:/SepiaGroup/Neo4j/Neo4jRestNet/Neo4jRestNet.Test/bin/Debug/Neo4jRestNet.Test.DLL" adapterTypeName="Microsoft.VisualStudio.TestTools.TestTypes.Unit.UnitTestAdapter, Microsoft.VisualStudio.QualityTools.Tips.UnitTest.Adapter, Version=10.0.0.0, Culture=neutral, PublicKeyToken=b03f5f7f11d50a3a" className="Neo4jRestNet.Test.GEIDTest, Neo4jRestNet.Test, Version=1.0.0.0, Culture=neutral, PublicKeyToken=null" name="NewGEIDFromLong" />
    </UnitTest>
    <UnitTest name="NewGEIDFromString" storage="c:\sepiagroup\neo4j\neo4jrestnet\neo4jrestnet.test\bin\debug\neo4jrestnet.test.dll" id="3a3f72a1-9d68-9bc8-e539-001285b08ed7">
      <Execution id="93963e5e-3184-46ca-8269-2fc21a5d6281" />
      <TestMethod codeBase="C:/SepiaGroup/Neo4j/Neo4jRestNet/Neo4jRestNet.Test/bin/Debug/Neo4jRestNet.Test.DLL" adapterTypeName="Microsoft.VisualStudio.TestTools.TestTypes.Unit.UnitTestAdapter, Microsoft.VisualStudio.QualityTools.Tips.UnitTest.Adapter, Version=10.0.0.0, Culture=neutral, PublicKeyToken=b03f5f7f11d50a3a" className="Neo4jRestNet.Test.GEIDTest, Neo4jRestNet.Test, Version=1.0.0.0, Culture=neutral, PublicKeyToken=null" name="NewGEIDFromString" />
    </UnitTest>
  </TestDefinitions>
  <TestLists>
    <TestList name="Results Not in a List" id="8c84fa94-04c1-424b-9868-57a2d4851a1d" />
    <TestList name="All Loaded Results" id="19431567-8539-422a-85d7-44ee4e166bda" />
  </TestLists>
  <TestEntries>
    <TestEntry testId="4026935a-c677-921c-4b27-cb5d5dcf5f59" executionId="57ef3756-3a7e-4d76-a9e6-ee3af80b0739" testListId="8c84fa94-04c1-424b-9868-57a2d4851a1d" />
    <TestEntry testId="3a3f72a1-9d68-9bc8-e539-001285b08ed7" executionId="93963e5e-3184-46ca-8269-2fc21a5d6281" testListId="8c84fa94-04c1-424b-9868-57a2d4851a1d" />
  </TestEntries>
  <Results>
    <UnitTestResult executionId="57ef3756-3a7e-4d76-a9e6-ee3af80b0739" testId="4026935a-c677-921c-4b27-cb5d5dcf5f59" testName="NewGEIDFromLong" computerName="ODIN" duration="00:00:00.0178728" startTime="2011-10-03T02:05:28.0243144-04:00" endTime="2011-10-03T02:05:28.8233943-04:00" testType="13cdc9d9-ddb5-4fa4-a97d-d965ccfc6d4b" outcome="Passed" testListId="8c84fa94-04c1-424b-9868-57a2d4851a1d" relativeResultsDirectory="57ef3756-3a7e-4d76-a9e6-ee3af80b0739">
    </UnitTestResult>
    <UnitTestResult executionId="93963e5e-3184-46ca-8269-2fc21a5d6281" testId="3a3f72a1-9d68-9bc8-e539-001285b08ed7" testName="NewGEIDFromString" computerName="ODIN" duration="00:00:17.2625895" startTime="2011-10-03T02:05:28.8383958-04:00" endTime="2011-10-03T02:05:46.1071225-04:00" testType="13cdc9d9-ddb5-4fa4-a97d-d965ccfc6d4b" outcome="Passed" testListId="8c84fa94-04c1-424b-9868-57a2d4851a1d" relativeResultsDirectory="93963e5e-3184-46ca-8269-2fc21a5d6281">
    </UnitTestResult>
  </Results>
</TestRun>