<?xml version="1.0" encoding="UTF-8"?>
<TestRun id="e741d8d0-af34-4cb9-9aff-72d4cc0f285f" name="Administrator@ODIN 2011-10-03 02:01:55" runUser="ODIN\Administrator" xmlns="http://microsoft.com/schemas/VisualStudio/TeamTest/2010">
  <TestSettings name="Local" id="d72f0989-4de8-4c9f-a65d-36824bfe8de3">
    <Description>These are default test settings for a local test run.</Description>
    <Deployment enabled="false" runDeploymentRoot="Administrator_ODIN 2011-10-03 02_01_55">
      <DeploymentItem filename="C:\SepiaGroup\Neo4j\Neo4jRestNet\bin\Debug\Neo4Net.dll" />
    </Deployment>
    <Execution>
      <TestTypeSpecific />
      <AgentRule name="Execution Agents">
      </AgentRule>
    </Execution>
  </TestSettings>
  <Times creation="2011-10-03T02:01:55.3610496-04:00" queuing="2011-10-03T02:01:55.4170552-04:00" start="2011-10-03T02:01:55.4230558-04:00" finish="2011-10-03T02:01:55.6140749-04:00" />
  <ResultSummary outcome="Failed">
    <Counters total="1" executed="1" error="0" failed="1" timeout="0" aborted="0" inconclusive="0" passedButRunAborted="0" notRunnable="0" notExecuted="0" disconnected="0" warning="0" passed="0" completed="0" inProgress="0" pending="0" />
  </ResultSummary>
  <TestDefinitions>
    <UnitTest name="NewGEIDFromString" storage="c:\sepiagroup\neo4j\neo4jrestnet\neo4jrestnet.test\bin\debug\neo4jrestnet.test.dll" id="3a3f72a1-9d68-9bc8-e539-001285b08ed7">
      <Execution id="5424a63e-c259-4208-b6ec-c1aa1684aae6" />
      <TestMethod codeBase="C:/SepiaGroup/Neo4j/Neo4jRestNet/Neo4jRestNet.Test/bin/Debug/Neo4jRestNet.Test.DLL" adapterTypeName="Microsoft.VisualStudio.TestTools.TestTypes.Unit.UnitTestAdapter, Microsoft.VisualStudio.QualityTools.Tips.UnitTest.Adapter, Version=10.0.0.0, Culture=neutral, PublicKeyToken=b03f5f7f11d50a3a" className="Neo4jRestNet.Test.GEIDTest, Neo4jRestNet.Test, Version=1.0.0.0, Culture=neutral, PublicKeyToken=null" name="NewGEIDFromString" />
    </UnitTest>
  </TestDefinitions>
  <TestLists>
    <TestList name="Results Not in a List" id="8c84fa94-04c1-424b-9868-57a2d4851a1d" />
    <TestList name="All Loaded Results" id="19431567-8539-422a-85d7-44ee4e166bda" />
  </TestLists>
  <TestEntries>
    <TestEntry testId="3a3f72a1-9d68-9bc8-e539-001285b08ed7" executionId="5424a63e-c259-4208-b6ec-c1aa1684aae6" testListId="8c84fa94-04c1-424b-9868-57a2d4851a1d" />
  </TestEntries>
  <Results>
    <UnitTestResult executionId="5424a63e-c259-4208-b6ec-c1aa1684aae6" testId="3a3f72a1-9d68-9bc8-e539-001285b08ed7" testName="NewGEIDFromString" computerName="ODIN" duration="00:00:00.0260045" startTime="2011-10-03T02:01:55.4250560-04:00" endTime="2011-10-03T02:01:55.6010736-04:00" testType="13cdc9d9-ddb5-4fa4-a97d-d965ccfc6d4b" outcome="Failed" testListId="8c84fa94-04c1-424b-9868-57a2d4851a1d" relativeResultsDirectory="5424a63e-c259-4208-b6ec-c1aa1684aae6">
      <Output>
        <ErrorInfo>
          <Message>Test method Neo4jRestNet.Test.GEIDTest.NewGEIDFromString threw exception: 
System.TypeInitializationException: The type initializer for 'Encryption' threw an exception. ---&gt; System.NullReferenceException: Object reference not set to an instance of an object.</Message>
          <StackTrace>    at Neo4jRestNet.Core.GEID.Encryption..cctor() in C:\SepiaGroup\Neo4j\Neo4jRestNet\Core\GEID.cs:line 18
 --- End of inner exception stack trace ---
    at Neo4jRestNet.Core.GEID.Encryption.Encrypt(String TextToBeEncrypted)
   at Neo4jRestNet.Core.GEID.ToString() in C:\SepiaGroup\Neo4j\Neo4jRestNet\Core\GEID.cs:line 158
   at Neo4jRestNet.Core.GEID.op_Implicit(GEID geid) in C:\SepiaGroup\Neo4j\Neo4jRestNet\Core\GEID.cs:line 142
   at Neo4jRestNet.Test.GEIDTest.NewGEIDFromString() in C:\SepiaGroup\Neo4j\Neo4jRestNet\Neo4jRestNet.Test\UnitTest1.cs:line 75
</StackTrace>
        </ErrorInfo>
      </Output>
    </UnitTestResult>
  </Results>
</TestRun>