<?xml version="1.0" encoding="UTF-8"?>
<TestRun id="f1ab0f62-ba06-4bc9-9139-fb94f1681997" name="Administrator@ODIN 2011-10-03 02:09:12" runUser="ODIN\Administrator" xmlns="http://microsoft.com/schemas/VisualStudio/TeamTest/2010">
  <TestSettings name="Local" id="d72f0989-4de8-4c9f-a65d-36824bfe8de3">
    <Description>These are default test settings for a local test run.</Description>
    <Deployment enabled="false" runDeploymentRoot="Administrator_ODIN 2011-10-03 02_09_12">
      <DeploymentItem filename="C:\SepiaGroup\Neo4j\Neo4jRestNet\bin\Debug\Neo4Net.dll" />
    </Deployment>
    <Execution>
      <TestTypeSpecific />
      <AgentRule name="Execution Agents">
      </AgentRule>
    </Execution>
  </TestSettings>
  <Times creation="2011-10-03T02:09:12.5507648-04:00" queuing="2011-10-03T02:09:12.6927790-04:00" start="2011-10-03T02:09:12.7197817-04:00" finish="2011-10-03T02:09:12.9788076-04:00" />
  <ResultSummary outcome="Completed">
    <Counters total="1" executed="1" passed="1" error="0" failed="0" timeout="0" aborted="0" inconclusive="0" passedButRunAborted="0" notRunnable="0" notExecuted="0" disconnected="0" warning="0" completed="0" inProgress="0" pending="0" />
  </ResultSummary>
  <TestDefinitions>
    <UnitTest name="TryParseValid" storage="c:\sepiagroup\neo4j\neo4jrestnet\neo4jrestnet.test\bin\debug\neo4jrestnet.test.dll" id="3dfb80d2-e756-74fc-948a-51dbed2d6434">
      <Execution id="5e8e4388-1d81-4cd1-bd09-c30db1d27260" />
      <TestMethod codeBase="C:/SepiaGroup/Neo4j/Neo4jRestNet/Neo4jRestNet.Test/bin/Debug/Neo4jRestNet.Test.DLL" adapterTypeName="Microsoft.VisualStudio.TestTools.TestTypes.Unit.UnitTestAdapter, Microsoft.VisualStudio.QualityTools.Tips.UnitTest.Adapter, Version=10.0.0.0, Culture=neutral, PublicKeyToken=b03f5f7f11d50a3a" className="Neo4jRestNet.Test.GEIDTest, Neo4jRestNet.Test, Version=1.0.0.0, Culture=neutral, PublicKeyToken=null" name="TryParseValid" />
    </UnitTest>
  </TestDefinitions>
  <TestLists>
    <TestList name="Results Not in a List" id="8c84fa94-04c1-424b-9868-57a2d4851a1d" />
    <TestList name="All Loaded Results" id="19431567-8539-422a-85d7-44ee4e166bda" />
  </TestLists>
  <TestEntries>
    <TestEntry testId="3dfb80d2-e756-74fc-948a-51dbed2d6434" executionId="5e8e4388-1d81-4cd1-bd09-c30db1d27260" testListId="8c84fa94-04c1-424b-9868-57a2d4851a1d" />
  </TestEntries>
  <Results>
    <UnitTestResult executionId="5e8e4388-1d81-4cd1-bd09-c30db1d27260" testId="3dfb80d2-e756-74fc-948a-51dbed2d6434" testName="TryParseValid" computerName="ODIN" duration="00:00:00.0127142" startTime="2011-10-03T02:09:12.7277825-04:00" endTime="2011-10-03T02:09:12.9628060-04:00" testType="13cdc9d9-ddb5-4fa4-a97d-d965ccfc6d4b" outcome="Passed" testListId="8c84fa94-04c1-424b-9868-57a2d4851a1d" relativeResultsDirectory="5e8e4388-1d81-4cd1-bd09-c30db1d27260">
    </UnitTestResult>
  </Results>
</TestRun>