<?xml version="1.0" encoding="UTF-8"?>
<TestRun id="1011bf5d-dffe-4467-abb6-e1be39117385" name="Administrator@ODIN 2011-10-03 02:03:07" runUser="ODIN\Administrator" xmlns="http://microsoft.com/schemas/VisualStudio/TeamTest/2010">
  <TestSettings name="Local" id="d72f0989-4de8-4c9f-a65d-36824bfe8de3">
    <Description>These are default test settings for a local test run.</Description>
    <Deployment enabled="false" runDeploymentRoot="Administrator_ODIN 2011-10-03 02_03_07">
      <DeploymentItem filename="C:\SepiaGroup\Neo4j\Neo4jRestNet\bin\Debug\Neo4Net.dll" />
    </Deployment>
    <Execution>
      <TestTypeSpecific />
      <AgentRule name="Execution Agents">
      </AgentRule>
    </Execution>
  </TestSettings>
  <Times creation="2011-10-03T02:03:07.3752344-04:00" queuing="2011-10-03T02:03:10.3072344-04:00" start="2011-10-03T02:03:10.4732344-04:00" finish="2011-10-03T02:04:45.4250549-04:00" />
  <ResultSummary outcome="Error">
    <Counters total="2" executed="2" passed="1" error="0" failed="0" timeout="0" aborted="1" inconclusive="0" passedButRunAborted="0" notRunnable="0" notExecuted="0" disconnected="0" warning="0" completed="0" inProgress="0" pending="0" />
    <RunInfos>
      <RunInfo computerName="ODIN" outcome="Error" timestamp="2011-10-03T02:04:45.4240548-04:00">
        <Text>Test host process exited unexpectedly.</Text>
      </RunInfo>
    </RunInfos>
  </ResultSummary>
  <TestDefinitions>
    <UnitTest name="NewGEIDFromLong" storage="c:\sepiagroup\neo4j\neo4jrestnet\neo4jrestnet.test\bin\debug\neo4jrestnet.test.dll" id="4026935a-c677-921c-4b27-cb5d5dcf5f59">
      <Execution id="fceaf429-228b-4a17-9e15-9f99d0216682" />
      <TestMethod codeBase="C:/SepiaGroup/Neo4j/Neo4jRestNet/Neo4jRestNet.Test/bin/Debug/Neo4jRestNet.Test.DLL" adapterTypeName="Microsoft.VisualStudio.TestTools.TestTypes.Unit.UnitTestAdapter, Microsoft.VisualStudio.QualityTools.Tips.UnitTest.Adapter, Version=10.0.0.0, Culture=neutral, PublicKeyToken=b03f5f7f11d50a3a" className="Neo4jRestNet.Test.GEIDTest, Neo4jRestNet.Test, Version=1.0.0.0, Culture=neutral, PublicKeyToken=null" name="NewGEIDFromLong" />
    </UnitTest>
    <UnitTest name="NewGEIDFromString" storage="c:\sepiagroup\neo4j\neo4jrestnet\neo4jrestnet.test\bin\debug\neo4jrestnet.test.dll" id="3a3f72a1-9d68-9bc8-e539-001285b08ed7">
      <Execution id="11788531-1e60-4ac4-8de4-aafb5b5bbdcf" />
      <TestMethod codeBase="C:/SepiaGroup/Neo4j/Neo4jRestNet/Neo4jRestNet.Test/bin/Debug/Neo4jRestNet.Test.DLL" adapterTypeName="Microsoft.VisualStudio.TestTools.TestTypes.Unit.UnitTestAdapter, Microsoft.VisualStudio.QualityTools.Tips.UnitTest.Adapter, Version=10.0.0.0, Culture=neutral, PublicKeyToken=b03f5f7f11d50a3a" className="Neo4jRestNet.Test.GEIDTest, Neo4jRestNet.Test, Version=1.0.0.0, Culture=neutral, PublicKeyToken=null" name="NewGEIDFromString" />
    </UnitTest>
  </TestDefinitions>
  <TestLists>
    <TestList name="Results Not in a List" id="8c84fa94-04c1-424b-9868-57a2d4851a1d" />
    <TestList name="All Loaded Results" id="19431567-8539-422a-85d7-44ee4e166bda" />
  </TestLists>
  <TestEntries>
    <TestEntry testId="4026935a-c677-921c-4b27-cb5d5dcf5f59" executionId="fceaf429-228b-4a17-9e15-9f99d0216682" testListId="8c84fa94-04c1-424b-9868-57a2d4851a1d" />
    <TestEntry testId="3a3f72a1-9d68-9bc8-e539-001285b08ed7" executionId="11788531-1e60-4ac4-8de4-aafb5b5bbdcf" testListId="8c84fa94-04c1-424b-9868-57a2d4851a1d" />
  </TestEntries>
  <Results>
    <UnitTestResult executionId="fceaf429-228b-4a17-9e15-9f99d0216682" testId="4026935a-c677-921c-4b27-cb5d5dcf5f59" testName="NewGEIDFromLong" computerName="ODIN" duration="00:00:00.0465376" startTime="2011-10-03T02:03:10.6102344-04:00" endTime="2011-10-03T02:03:11.6212344-04:00" testType="13cdc9d9-ddb5-4fa4-a97d-d965ccfc6d4b" outcome="Passed" testListId="8c84fa94-04c1-424b-9868-57a2d4851a1d" relativeResultsDirectory="fceaf429-228b-4a17-9e15-9f99d0216682">
    </UnitTestResult>
    <UnitTestResult executionId="11788531-1e60-4ac4-8de4-aafb5b5bbdcf" testId="3a3f72a1-9d68-9bc8-e539-001285b08ed7" testName="NewGEIDFromString" computerName="ODIN" duration="00:01:33.7958205" startTime="2011-10-03T02:03:11.6292344-04:00" endTime="2011-10-03T02:04:45.4250549-04:00" testType="13cdc9d9-ddb5-4fa4-a97d-d965ccfc6d4b" outcome="Aborted" testListId="8c84fa94-04c1-424b-9868-57a2d4851a1d" relativeResultsDirectory="11788531-1e60-4ac4-8de4-aafb5b5bbdcf">
    </UnitTestResult>
  </Results>
</TestRun>