<?xml version="1.0" encoding="UTF-8"?>
<TestRun id="d05dd61b-ab2a-446f-a5a6-81b97e427878" name="Administrator@ODIN 2011-10-03 02:17:33" runUser="ODIN\Administrator" xmlns="http://microsoft.com/schemas/VisualStudio/TeamTest/2010">
  <TestSettings name="Local" id="d72f0989-4de8-4c9f-a65d-36824bfe8de3">
    <Description>These are default test settings for a local test run.</Description>
    <Deployment enabled="false" runDeploymentRoot="Administrator_ODIN 2011-10-03 02_17_33">
      <DeploymentItem filename="C:\SepiaGroup\Neo4j\Neo4jRestNet\bin\Debug\Neo4Net.dll" />
    </Deployment>
    <Execution>
      <TestTypeSpecific />
      <AgentRule name="Execution Agents">
      </AgentRule>
    </Execution>
  </TestSettings>
  <Times creation="2011-10-03T02:17:33.2128266-04:00" queuing="2011-10-03T02:17:33.2598313-04:00" start="2011-10-03T02:17:33.2678321-04:00" finish="2011-10-03T02:17:33.4438497-04:00" />
  <ResultSummary outcome="Completed">
    <Counters total="1" executed="1" passed="1" error="0" failed="0" timeout="0" aborted="0" inconclusive="0" passedButRunAborted="0" notRunnable="0" notExecuted="0" disconnected="0" warning="0" completed="0" inProgress="0" pending="0" />
  </ResultSummary>
  <TestDefinitions>
    <UnitTest name="Inequality" storage="c:\sepiagroup\neo4j\neo4jrestnet\neo4jrestnet.test\bin\debug\neo4jrestnet.test.dll" id="d4c7900f-b7be-763c-d6fa-58cc489d1f22">
      <Execution id="99c125f1-9502-4b92-88cd-e0bde1d6a58f" />
      <TestMethod codeBase="C:/SepiaGroup/Neo4j/Neo4jRestNet/Neo4jRestNet.Test/bin/Debug/Neo4jRestNet.Test.DLL" adapterTypeName="Microsoft.VisualStudio.TestTools.TestTypes.Unit.UnitTestAdapter, Microsoft.VisualStudio.QualityTools.Tips.UnitTest.Adapter, Version=10.0.0.0, Culture=neutral, PublicKeyToken=b03f5f7f11d50a3a" className="Neo4jRestNet.Test.GEIDTest, Neo4jRestNet.Test, Version=1.0.0.0, Culture=neutral, PublicKeyToken=null" name="Inequality" />
    </UnitTest>
  </TestDefinitions>
  <TestLists>
    <TestList name="Results Not in a List" id="8c84fa94-04c1-424b-9868-57a2d4851a1d" />
    <TestList name="All Loaded Results" id="19431567-8539-422a-85d7-44ee4e166bda" />
  </TestLists>
  <TestEntries>
    <TestEntry testId="d4c7900f-b7be-763c-d6fa-58cc489d1f22" executionId="99c125f1-9502-4b92-88cd-e0bde1d6a58f" testListId="8c84fa94-04c1-424b-9868-57a2d4851a1d" />
  </TestEntries>
  <Results>
    <UnitTestResult executionId="99c125f1-9502-4b92-88cd-e0bde1d6a58f" testId="d4c7900f-b7be-763c-d6fa-58cc489d1f22" testName="Inequality" computerName="ODIN" duration="00:00:00.0123218" startTime="2011-10-03T02:17:33.2698323-04:00" endTime="2011-10-03T02:17:33.4318485-04:00" testType="13cdc9d9-ddb5-4fa4-a97d-d965ccfc6d4b" outcome="Passed" testListId="8c84fa94-04c1-424b-9868-57a2d4851a1d" relativeResultsDirectory="99c125f1-9502-4b92-88cd-e0bde1d6a58f">
    </UnitTestResult>
  </Results>
</TestRun>