<?xml version="1.0" encoding="UTF-8"?>
<TestRun id="3cd8650b-1b54-44a4-8fce-3eebc1a56a00" name="Administrator@ODIN 2011-10-03 02:15:41" runUser="ODIN\Administrator" xmlns="http://microsoft.com/schemas/VisualStudio/TeamTest/2010">
  <TestSettings name="Local" id="d72f0989-4de8-4c9f-a65d-36824bfe8de3">
    <Description>These are default test settings for a local test run.</Description>
    <Deployment enabled="false" runDeploymentRoot="Administrator_ODIN 2011-10-03 02_15_41">
      <DeploymentItem filename="C:\SepiaGroup\Neo4j\Neo4jRestNet\bin\Debug\Neo4Net.dll" />
    </Deployment>
    <Execution>
      <TestTypeSpecific />
      <AgentRule name="Execution Agents">
      </AgentRule>
    </Execution>
  </TestSettings>
  <Times creation="2011-10-03T02:15:41.4596524-04:00" queuing="2011-10-03T02:15:41.5066571-04:00" start="2011-10-03T02:15:41.5136578-04:00" finish="2011-10-03T02:15:41.7056770-04:00" />
  <ResultSummary outcome="Failed">
    <Counters total="1" executed="1" error="0" failed="1" timeout="0" aborted="0" inconclusive="0" passedButRunAborted="0" notRunnable="0" notExecuted="0" disconnected="0" warning="0" passed="0" completed="0" inProgress="0" pending="0" />
  </ResultSummary>
  <TestDefinitions>
    <UnitTest name="Equality" storage="c:\sepiagroup\neo4j\neo4jrestnet\neo4jrestnet.test\bin\debug\neo4jrestnet.test.dll" id="174df904-103b-89e2-6665-31f4ea449501">
      <Execution id="645a7b08-108d-4074-87f8-c63aca8d65a3" />
      <TestMethod codeBase="C:/SepiaGroup/Neo4j/Neo4jRestNet/Neo4jRestNet.Test/bin/Debug/Neo4jRestNet.Test.DLL" adapterTypeName="Microsoft.VisualStudio.TestTools.TestTypes.Unit.UnitTestAdapter, Microsoft.VisualStudio.QualityTools.Tips.UnitTest.Adapter, Version=10.0.0.0, Culture=neutral, PublicKeyToken=b03f5f7f11d50a3a" className="Neo4jRestNet.Test.GEIDTest, Neo4jRestNet.Test, Version=1.0.0.0, Culture=neutral, PublicKeyToken=null" name="Equality" />
    </UnitTest>
  </TestDefinitions>
  <TestLists>
    <TestList name="Results Not in a List" id="8c84fa94-04c1-424b-9868-57a2d4851a1d" />
    <TestList name="All Loaded Results" id="19431567-8539-422a-85d7-44ee4e166bda" />
  </TestLists>
  <TestEntries>
    <TestEntry testId="174df904-103b-89e2-6665-31f4ea449501" executionId="645a7b08-108d-4074-87f8-c63aca8d65a3" testListId="8c84fa94-04c1-424b-9868-57a2d4851a1d" />
  </TestEntries>
  <Results>
    <UnitTestResult executionId="645a7b08-108d-4074-87f8-c63aca8d65a3" testId="174df904-103b-89e2-6665-31f4ea449501" testName="Equality" computerName="ODIN" duration="00:00:00.0269354" startTime="2011-10-03T02:15:41.5206585-04:00" endTime="2011-10-03T02:15:41.6936758-04:00" testType="13cdc9d9-ddb5-4fa4-a97d-d965ccfc6d4b" outcome="Failed" testListId="8c84fa94-04c1-424b-9868-57a2d4851a1d" relativeResultsDirectory="645a7b08-108d-4074-87f8-c63aca8d65a3">
      <Output>
        <ErrorInfo>
          <Message>Assert.IsFalse failed. </Message>
          <StackTrace>   at Neo4jRestNet.Test.GEIDTest.Equality() in C:\SepiaGroup\Neo4j\Neo4jRestNet\Neo4jRestNet.Test\UnitTest1.cs:line 115
</StackTrace>
        </ErrorInfo>
      </Output>
    </UnitTestResult>
  </Results>
</TestRun>