<?xml version="1.0" encoding="UTF-8"?>
<TestRun id="cfac7f82-080e-43ac-9aa2-6193b171ac92" name="Administrator@ODIN 2011-10-03 01:55:01" runUser="ODIN\Administrator" xmlns="http://microsoft.com/schemas/VisualStudio/TeamTest/2010">
  <TestSettings name="Local" id="d72f0989-4de8-4c9f-a65d-36824bfe8de3">
    <Description>These are default test settings for a local test run.</Description>
    <Deployment enabled="false" runDeploymentRoot="Administrator_ODIN 2011-10-03 01_55_01">
      <DeploymentItem filename="C:\SepiaGroup\Neo4j\Neo4jRestNet\bin\Debug\Neo4Net.dll" />
    </Deployment>
    <Execution>
      <TestTypeSpecific />
      <AgentRule name="Execution Agents">
      </AgentRule>
    </Execution>
  </TestSettings>
  <Times creation="2011-10-03T01:55:01.3742386-04:00" queuing="2011-10-03T01:55:02.6662386-04:00" start="2011-10-03T01:55:02.7252386-04:00" finish="2011-10-03T01:55:03.3862386-04:00" />
  <ResultSummary outcome="Completed">
    <Counters total="1" executed="1" passed="1" error="0" failed="0" timeout="0" aborted="0" inconclusive="0" passedButRunAborted="0" notRunnable="0" notExecuted="0" disconnected="0" warning="0" completed="0" inProgress="0" pending="0" />
  </ResultSummary>
  <TestDefinitions>
    <UnitTest name="GEIDExplicitLongReturnsID" storage="c:\sepiagroup\neo4j\neo4jrestnet\neo4jrestnet.test\bin\debug\neo4jrestnet.test.dll" id="f539e4d5-d7a0-edbf-bf04-1a4941d23f4d">
      <Execution id="7452eb16-31ed-4262-af21-1f2b8d6fc5c3" />
      <TestMethod codeBase="C:/SepiaGroup/Neo4j/Neo4jRestNet/Neo4jRestNet.Test/bin/Debug/Neo4jRestNet.Test.DLL" adapterTypeName="Microsoft.VisualStudio.TestTools.TestTypes.Unit.UnitTestAdapter, Microsoft.VisualStudio.QualityTools.Tips.UnitTest.Adapter, Version=10.0.0.0, Culture=neutral, PublicKeyToken=b03f5f7f11d50a3a" className="Neo4jRestNet.Test.GEIDTest, Neo4jRestNet.Test, Version=1.0.0.0, Culture=neutral, PublicKeyToken=null" name="GEIDExplicitLongReturnsID" />
    </UnitTest>
  </TestDefinitions>
  <TestLists>
    <TestList name="Results Not in a List" id="8c84fa94-04c1-424b-9868-57a2d4851a1d" />
    <TestList name="All Loaded Results" id="19431567-8539-422a-85d7-44ee4e166bda" />
  </TestLists>
  <TestEntries>
    <TestEntry testId="f539e4d5-d7a0-edbf-bf04-1a4941d23f4d" executionId="7452eb16-31ed-4262-af21-1f2b8d6fc5c3" testListId="8c84fa94-04c1-424b-9868-57a2d4851a1d" />
  </TestEntries>
  <Results>
    <UnitTestResult executionId="7452eb16-31ed-4262-af21-1f2b8d6fc5c3" testId="f539e4d5-d7a0-edbf-bf04-1a4941d23f4d" testName="GEIDExplicitLongReturnsID" computerName="ODIN" duration="00:00:00.0243632" startTime="2011-10-03T01:55:02.7472386-04:00" endTime="2011-10-03T01:55:03.3482386-04:00" testType="13cdc9d9-ddb5-4fa4-a97d-d965ccfc6d4b" outcome="Passed" testListId="8c84fa94-04c1-424b-9868-57a2d4851a1d" relativeResultsDirectory="7452eb16-31ed-4262-af21-1f2b8d6fc5c3">
    </UnitTestResult>
  </Results>
</TestRun>