<?xml version="1.0" encoding="UTF-8"?>
<TestRun id="8646db66-fa7a-4df3-8faf-bd949d2ac568" name="Administrator@ODIN 2011-10-03 12:10:22" runUser="ODIN\Administrator" xmlns="http://microsoft.com/schemas/VisualStudio/TeamTest/2010">
  <TestSettings name="Default Test Settings" id="8198f905-3999-47d4-be7f-8bc9f1206d2c">
    <Deployment runDeploymentRoot="Administrator_ODIN 2011-10-03 12_10_22">
      <DeploymentItem filename="C:\SepiaGroup\Neo4j\Neo4jRestNet\Neo4jRestNet\bin\Debug\Neo4Net.dll" />
    </Deployment>
    <Execution>
      <TestTypeSpecific />
      <AgentRule name="Execution Agents">
      </AgentRule>
    </Execution>
  </TestSettings>
  <Times creation="2011-10-03T12:10:22.6824605-04:00" queuing="2011-10-03T12:10:23.6715594-04:00" start="2011-10-03T12:10:23.7155638-04:00" finish="2011-10-03T12:10:24.0675990-04:00" />
  <ResultSummary outcome="Completed">
    <Counters total="1" executed="1" passed="1" error="0" failed="0" timeout="0" aborted="0" inconclusive="0" passedButRunAborted="0" notRunnable="0" notExecuted="0" disconnected="0" warning="0" completed="0" inProgress="0" pending="0" />
  </ResultSummary>
  <TestDefinitions>
    <UnitTest name="Equality" storage="c:\sepiagroup\neo4j\neo4jrestnet\neo4jrestnet.test\bin\debug\neo4jrestnet.test.dll" id="174df904-103b-89e2-6665-31f4ea449501">
      <Execution id="6391f2d6-cdd0-41c4-80df-d8c9bc8a2118" />
      <TestMethod codeBase="C:/SepiaGroup/Neo4j/Neo4jRestNet/Neo4jRestNet.Test/bin/Debug/Neo4jRestNet.Test.DLL" adapterTypeName="Microsoft.VisualStudio.TestTools.TestTypes.Unit.UnitTestAdapter, Microsoft.VisualStudio.QualityTools.Tips.UnitTest.Adapter, Version=10.0.0.0, Culture=neutral, PublicKeyToken=b03f5f7f11d50a3a" className="Neo4jRestNet.Test.GEIDTest, Neo4jRestNet.Test, Version=1.0.0.0, Culture=neutral, PublicKeyToken=null" name="Equality" />
    </UnitTest>
  </TestDefinitions>
  <TestLists>
    <TestList name="Results Not in a List" id="8c84fa94-04c1-424b-9868-57a2d4851a1d" />
    <TestList name="All Loaded Results" id="19431567-8539-422a-85d7-44ee4e166bda" />
  </TestLists>
  <TestEntries>
    <TestEntry testId="174df904-103b-89e2-6665-31f4ea449501" executionId="6391f2d6-cdd0-41c4-80df-d8c9bc8a2118" testListId="8c84fa94-04c1-424b-9868-57a2d4851a1d" />
  </TestEntries>
  <Results>
    <UnitTestResult executionId="6391f2d6-cdd0-41c4-80df-d8c9bc8a2118" testId="174df904-103b-89e2-6665-31f4ea449501" testName="Equality" computerName="ODIN" duration="00:00:00.0317133" startTime="2011-10-03T12:10:23.7265649-04:00" endTime="2011-10-03T12:10:24.0015924-04:00" testType="13cdc9d9-ddb5-4fa4-a97d-d965ccfc6d4b" outcome="Passed" testListId="8c84fa94-04c1-424b-9868-57a2d4851a1d" relativeResultsDirectory="6391f2d6-cdd0-41c4-80df-d8c9bc8a2118">
    </UnitTestResult>
  </Results>
</TestRun>